#
# A fatal error has been detected by the Java Runtime Environment:
#
#  SIGSEGV (0xb) at pc=0x00007fff92809097, pid=3755, tid=3335
#
# JRE version: Java(TM) SE Runtime Environment (8.0_11-b12) (build 1.8.0_11-b12)
# Java VM: Java HotSpot(TM) 64-Bit Server VM (25.11-b03 mixed mode bsd-amd64 compressed oops)
# Problematic frame:
# C  [libobjc.A.dylib+0x5097]  objc_msgSend+0x17
#
# Failed to write core dump. Core dumps have been disabled. To enable core dumping, try "ulimit -c unlimited" before starting Java again
#
# If you would like to submit a bug report, please visit:
#   http://bugreport.sun.com/bugreport/crash.jsp
# The crash happened outside the Java Virtual Machine in native code.
# See problematic frame for where to report the bug.
#

---------------  T H R E A D  ---------------

Current thread (0x00007fee708ad000):  JavaThread "AppKit Thread" daemon [_thread_in_native, id=3335, stack(0x00007fff5cd52000,0x00007fff5d552000)]

siginfo:si_signo=SIGSEGV: si_errno=0, si_code=0 (SEGV0), si_addr=0x0000000000000000

Registers:
RAX=0x00007fee7063edd0, RBX=0x00000000000f42ee, RCX=0x0000000000000000, RDX=0x00007fee706427a0
RSP=0x00007fff5d54d608, RBP=0x00007fff5d54d610, RSI=0x00007fff95016b9f, RDI=0x00007fee7063edd0
R8 =0x0000000000000040, R9 =0x00007fff5d54d500, R10=0x00007fff95016b9f, R11=0x2000000000000000
R12=0x00000000000f42ee, R13=0x00007fff5d54d7d8, R14=0x00007fee7057f000, R15=0x00007fff5d54d738
RIP=0x00007fff92809097, EFLAGS=0x0000000000010246, ERR=0x0000000000000000
  TRAPNO=0x000000000000000d

Top of Stack: (sp=0x00007fff5d54d608)
0x00007fff5d54d608:   00007fff90f27e0c 00007fff5d54d970
0x00007fff5d54d618:   00007fff90e1b82d 0000000000000003
0x00007fff5d54d628:   00000001026cb400 00007fff5d54d670
0x00007fff5d54d638:   00007fff9696b272 0000000000000798
0x00007fff5d54d648:   00000000000f42f0 0000000000000002
0x00007fff5d54d658:   00007fee7057dff0 00007fee70643960
0x00007fff5d54d668:   00007fee7070fc70 00007fee706427a0
0x00007fff5d54d678:   00007fff5d54d730 0000000000000000
0x00007fff5d54d688:   00000000000f42ee 0000000000000051
0x00007fff5d54d698:   00007fff5d54d7b0 0000000000000000
0x00007fff5d54d6a8:   0000000000000001 00007fee7070fc60
0x00007fff5d54d6b8:   000000000000004f 0000000000040e4b
0x00007fff5d54d6c8:   0000010000000000 00007fff7a9e5a60
0x00007fff5d54d6d8:   00002060000d26ea 00007fff5d54d830
0x00007fff5d54d6e8:   0000000000000000 00007fff5d54d7c8
0x00007fff5d54d6f8:   00007fff5d54d7a8 00007fff7a9e5a48
0x00007fff5d54d708:   0000000000000000 0000000000000001
0x00007fff5d54d718:   00007fff8c0d26ea 00007fff7c8e0d38
0x00007fff5d54d728:   0000000000000000 00007fee7057cdb0
0x00007fff5d54d738:   00007fee7057f000 00007fff8e0b5b08
0x00007fff5d54d748:   0000000000000000 00007fff5d54d810
0x00007fff5d54d758:   00007fff8aec9dde 00007fff7b0e50d0
0x00007fff5d54d768:   0000000042000000 00007fff8aed21d1
0x00007fff5d54d778:   00007fff7a9c1b40 00007fff5d54d878
0x00007fff5d54d788:   00007fff5d54d7a8 00007fff5d54d7c8
0x00007fff5d54d798:   0000000000000000 00000001026c7001
0x00007fff5d54d7a8:   0000000000000000 000000000000004d
0x00007fff5d54d7b8:   0000000000000000 00000000000f42e1
0x00007fff5d54d7c8:   000000000000004f 0000000000000000
0x00007fff5d54d7d8:   00000000000f42ee 000000015d54d880
0x00007fff5d54d7e8:   00007fff8c0d3261 00007fff7ba10748
0x00007fff5d54d7f8:   00007fff7ba1074c 000000007ba0c1b8 

Instructions: (pc=0x00007fff92809097)
0x00007fff92809077:   90 90 90 90 90 90 90 90 90 48 85 ff 2e 74 72 40
0x00007fff92809087:   f6 c7 01 2e 0f 85 7e 00 00 00 4c 8b 1f 49 89 f2
0x00007fff92809097:   45 23 53 18 49 c1 e2 04 4d 03 53 10 49 3b 32 75
0x00007fff928090a7:   04 41 ff 62 08 49 83 3a 00 74 74 4d 3b 53 10 74 

Register to memory mapping:

RAX=0x00007fee7063edd0 is an unknown value
RBX=0x00000000000f42ee is an unknown value
RCX=0x0000000000000000 is an unknown value
RDX=0x00007fee706427a0 is an unknown value
RSP=0x00007fff5d54d608 is pointing into the stack for thread: 0x00007fee708ad000
RBP=0x00007fff5d54d610 is pointing into the stack for thread: 0x00007fee708ad000
RSI=0x00007fff95016b9f: NSAppKitVersionNumber+0x5358f in /System/Library/Frameworks/AppKit.framework/Versions/C/AppKit at 0x00007fff94573000
RDI=0x00007fee7063edd0 is an unknown value
R8 =0x0000000000000040 is an unknown value
R9 =0x00007fff5d54d500 is pointing into the stack for thread: 0x00007fee708ad000
R10=0x00007fff95016b9f: NSAppKitVersionNumber+0x5358f in /System/Library/Frameworks/AppKit.framework/Versions/C/AppKit at 0x00007fff94573000
R11=0x2000000000000000 is an unknown value
R12=0x00000000000f42ee is an unknown value
R13=0x00007fff5d54d7d8 is pointing into the stack for thread: 0x00007fee708ad000
R14=0x00007fee7057f000 is an unknown value
R15=0x00007fff5d54d738 is pointing into the stack for thread: 0x00007fee708ad000


Stack: [0x00007fff5cd52000,0x00007fff5d552000],  sp=0x00007fff5d54d608,  free space=8173k
Native frames: (J=compiled Java code, j=interpreted, Vv=VM code, C=native code)
C  [libobjc.A.dylib+0x5097]  objc_msgSend+0x17
C  [CoreFoundation+0x1082d]  _CFXNotificationPost+0xb4d
C  [Foundation+0x2dda]  -[NSNotificationCenter postNotificationName:object:userInfo:]+0x44
C  [AppKit+0x10f5a9]  -[NSSurface _disposeSurface]+0x98
C  [AppKit+0x10f045]  -[NSSurface setWindow:]+0x46
C  [AppKit+0x3af27]  -[NSView _setWindow:]+0x8ea
C  [AppKit+0x3bf7a]  -[NSView removeFromSuperview]+0x15e
C  [AppKit+0x986e9]  -[NSView removeFromSuperviewWithoutNeedingDisplay]+0x26
C  [liblwjgl.dylib+0xa205]  +[MacOSXKeyableWindow destroyWindow]+0xb5
C  [Foundation+0x6375e]  __NSThreadPerformPerform+0xe5
C  [CoreFoundation+0x7f5b1]  __CFRUNLOOP_IS_CALLING_OUT_TO_A_SOURCE0_PERFORM_FUNCTION__+0x11
C  [CoreFoundation+0x70c62]  __CFRunLoopDoSources0+0xf2
C  [CoreFoundation+0x703ef]  __CFRunLoopRun+0x33f
C  [CoreFoundation+0x6fe75]  CFRunLoopRunSpecific+0x135
C  [HIToolbox+0x2ea0d]  RunCurrentEventLoopInMode+0xe2
C  [HIToolbox+0x2e7b7]  ReceiveNextEventCommon+0x1df
C  [HIToolbox+0x2e5bc]  _BlockUntilNextEventMatchingListInModeWithFilter+0x41
C  [AppKit+0x2424e]  _DPSNextEvent+0x59a
C  [AppKit+0x2389b]  -[NSApplication nextEventMatchingMask:untilDate:inMode:dequeue:]+0x7a
C  [libosxapp.dylib+0x242a]  -[NSApplicationAWT nextEventMatchingMask:untilDate:inMode:dequeue:]+0x7c
C  [AppKit+0x1799c]  -[NSApplication run]+0x229
C  [libosxapp.dylib+0x223e]  +[NSApplicationAWT runAWTLoopWithApp:]+0x9c
C  [libawt_lwawt.dylib+0x439bb]  -[AWTStarter starter:]+0x389
C  [Foundation+0x6375e]  __NSThreadPerformPerform+0xe5
C  [CoreFoundation+0x7f5b1]  __CFRUNLOOP_IS_CALLING_OUT_TO_A_SOURCE0_PERFORM_FUNCTION__+0x11
C  [CoreFoundation+0x70c62]  __CFRunLoopDoSources0+0xf2
C  [CoreFoundation+0x703ef]  __CFRunLoopRun+0x33f
C  [CoreFoundation+0x6fe75]  CFRunLoopRunSpecific+0x135
C  [java+0x56cb]  CreateExecutionEnvironment+0x367
C  [java+0x166c]  JLI_Launch+0x7a0
C  [java+0x7689]  main+0x65
C  [java+0xec4]  start+0x34


---------------  P R O C E S S  ---------------

Java Threads: ( => current thread )
  0x00007fee7188d800 JavaThread "AWT-Shutdown" [_thread_blocked, id=28451, stack(0x0000000120abe000,0x0000000120bbe000)]
=>0x00007fee708ad000 JavaThread "AppKit Thread" daemon [_thread_in_native, id=3335, stack(0x00007fff5cd52000,0x00007fff5d552000)]
  0x00007fee70810000 JavaThread "Service Thread" daemon [_thread_blocked, id=19715, stack(0x000000011a5b1000,0x000000011a6b1000)]
  0x00007fee7106e800 JavaThread "C1 CompilerThread2" daemon [_thread_blocked, id=19203, stack(0x000000011a4ae000,0x000000011a5ae000)]
  0x00007fee7106e000 JavaThread "C2 CompilerThread1" daemon [_thread_blocked, id=18691, stack(0x000000011a3ab000,0x000000011a4ab000)]
  0x00007fee72005000 JavaThread "C2 CompilerThread0" daemon [_thread_blocked, id=18179, stack(0x000000011a2a8000,0x000000011a3a8000)]
  0x00007fee71036000 JavaThread "Signal Dispatcher" daemon [_thread_blocked, id=17667, stack(0x000000011a1a5000,0x000000011a2a5000)]
  0x00007fee71056800 JavaThread "Finalizer" daemon [_thread_blocked, id=12547, stack(0x0000000119f59000,0x000000011a059000)]
  0x00007fee72004000 JavaThread "Reference Handler" daemon [_thread_blocked, id=12035, stack(0x0000000119e56000,0x0000000119f56000)]
  0x00007fee71801000 JavaThread "main" [_thread_in_native, id=6403, stack(0x0000000103ec2000,0x0000000103fc2000)]

Other Threads:
  0x00007fee71055800 VMThread [stack: 0x0000000119d53000,0x0000000119e53000] [id=11523]
  0x00007fee71812800 WatcherThread [stack: 0x000000011a6b4000,0x000000011a7b4000] [id=20227]

VM state:not at safepoint (normal execution)

VM Mutex/Monitor currently owned by a thread: None

Heap:
 PSYoungGen      total 9728K, used 1502K [0x0000000795580000, 0x0000000796480000, 0x00000007c0000000)
  eden space 8192K, 17% used [0x0000000795580000,0x00000007956dfbb0,0x0000000795d80000)
  from space 1536K, 6% used [0x0000000796180000,0x0000000796198000,0x0000000796300000)
  to   space 1536K, 0% used [0x0000000796300000,0x0000000796300000,0x0000000796480000)
 ParOldGen       total 129536K, used 2178K [0x0000000740000000, 0x0000000747e80000, 0x0000000795580000)
  object space 129536K, 1% used [0x0000000740000000,0x0000000740220ad0,0x0000000747e80000)
 Metaspace       used 7491K, capacity 7613K, committed 7680K, reserved 1056768K
  class space    used 706K, capacity 748K, committed 768K, reserved 1048576K

Card table byte_map: [0x00000001133cf000,0x00000001137d0000] byte_map_base: 0x000000010f9cf000

Marking Bits: (ParMarkBitMap*) 0x00000001038670a0
 Begin Bits: [0x0000000113e87000, 0x0000000115e87000)
 End Bits:   [0x0000000115e87000, 0x0000000117e87000)

Polling page: 0x00000001027f4000

CodeCache: size=245760Kb used=3287Kb max_used=3298Kb free=242472Kb
 bounds [0x000000010400f000, 0x000000010434f000, 0x000000011300f000]
 total_blobs=1364 nmethods=959 adapters=321
 compilation: enabled

Compilation events (10 events):
Event: 18.741 Thread 0x00007fee7106e800  955       1       quorum.Libraries.Interface.Events.MouseEvent::Get_Libraries_Interface_Events_MouseEvent__y_ (5 bytes)
Event: 18.741 Thread 0x00007fee7106e800 nmethod 955 0x00000001043454d0 code [0x0000000104345620, 0x0000000104345730]
Event: 18.741 Thread 0x00007fee7106e800  956       1       quorum.Libraries.Containers.Support.ListIterator::Get_Libraries_Containers_Support_ListIterator__head_ (5 bytes)
Event: 18.741 Thread 0x00007fee7106e800 nmethod 956 0x0000000104345790 code [0x00000001043458e0, 0x00000001043459f0]
Event: 19.306 Thread 0x00007fee7106e800  957       3       java.util.ArrayDeque::poll (5 bytes)
Event: 19.306 Thread 0x00007fee7106e800 nmethod 957 0x0000000104345a50 code [0x0000000104345bc0, 0x0000000104345d48]
Event: 19.306 Thread 0x00007fee7106e800  958       3       java.util.ArrayDeque::pollFirst (42 bytes)
Event: 19.307 Thread 0x00007fee7106e800 nmethod 958 0x0000000104345dd0 code [0x0000000104345f40, 0x0000000104346270]
Event: 19.307 Thread 0x00007fee72005000  959       4       java.nio.DirectByteBuffer::put (18 bytes)
Event: 19.308 Thread 0x00007fee72005000 nmethod 959 0x0000000104349050 code [0x0000000104349180, 0x0000000104349218]

GC Heap History (10 events):
Event: 2.269 GC heap before
{Heap before GC invocations=7 (full 0):
 PSYoungGen      total 5632K, used 5209K [0x0000000795580000, 0x0000000795c80000, 0x00000007c0000000)
  eden space 4096K, 100% used [0x0000000795580000,0x0000000795980000,0x0000000795980000)
  from space 1536K, 72% used [0x0000000795b00000,0x0000000795c16488,0x0000000795c80000)
  to   space 1536K, 0% used [0x0000000795980000,0x0000000795980000,0x0000000795b00000)
 ParOldGen       total 129536K, used 1222K [0x0000000740000000, 0x0000000747e80000, 0x0000000795580000)
  object space 129536K, 0% used [0x0000000740000000,0x0000000740131a28,0x0000000747e80000)
 Metaspace       used 7321K, capacity 7421K, committed 7680K, reserved 1056768K
  class space    used 697K, capacity 748K, committed 768K, reserved 1048576K
Event: 2.273 GC heap after
Heap after GC invocations=7 (full 0):
 PSYoungGen      total 5632K, used 1175K [0x0000000795580000, 0x0000000796080000, 0x00000007c0000000)
  eden space 4096K, 0% used [0x0000000795580000,0x0000000795580000,0x0000000795980000)
  from space 1536K, 76% used [0x0000000795980000,0x0000000795aa5e38,0x0000000795b00000)
  to   space 1536K, 0% used [0x0000000795f00000,0x0000000795f00000,0x0000000796080000)
 ParOldGen       total 129536K, used 1390K [0x0000000740000000, 0x0000000747e80000, 0x0000000795580000)
  object space 129536K, 1% used [0x0000000740000000,0x000000074015ba48,0x0000000747e80000)
 Metaspace       used 7321K, capacity 7421K, committed 7680K, reserved 1056768K
  class space    used 697K, capacity 748K, committed 768K, reserved 1048576K
}
Event: 4.584 GC heap before
{Heap before GC invocations=8 (full 0):
 PSYoungGen      total 5632K, used 5271K [0x0000000795580000, 0x0000000796080000, 0x00000007c0000000)
  eden space 4096K, 100% used [0x0000000795580000,0x0000000795980000,0x0000000795980000)
  from space 1536K, 76% used [0x0000000795980000,0x0000000795aa5e38,0x0000000795b00000)
  to   space 1536K, 0% used [0x0000000795f00000,0x0000000795f00000,0x0000000796080000)
 ParOldGen       total 129536K, used 1390K [0x0000000740000000, 0x0000000747e80000, 0x0000000795580000)
  object space 129536K, 1% used [0x0000000740000000,0x000000074015ba48,0x0000000747e80000)
 Metaspace       used 7375K, capacity 7549K, committed 7680K, reserved 1056768K
  class space    used 703K, capacity 748K, committed 768K, reserved 1048576K
Event: 4.586 GC heap after
Heap after GC invocations=8 (full 0):
 PSYoungGen      total 9728K, used 686K [0x0000000795580000, 0x0000000796080000, 0x00000007c0000000)
  eden space 8192K, 0% used [0x0000000795580000,0x0000000795580000,0x0000000795d80000)
  from space 1536K, 44% used [0x0000000795f00000,0x0000000795fab890,0x0000000796080000)
  to   space 1536K, 0% used [0x0000000795d80000,0x0000000795d80000,0x0000000795f00000)
 ParOldGen       total 129536K, used 1510K [0x0000000740000000, 0x0000000747e80000, 0x0000000795580000)
  object space 129536K, 1% used [0x0000000740000000,0x0000000740179a48,0x0000000747e80000)
 Metaspace       used 7375K, capacity 7549K, committed 7680K, reserved 1056768K
  class space    used 703K, capacity 748K, committed 768K, reserved 1048576K
}
Event: 9.220 GC heap before
{Heap before GC invocations=9 (full 0):
 PSYoungGen      total 9728K, used 8878K [0x0000000795580000, 0x0000000796080000, 0x00000007c0000000)
  eden space 8192K, 100% used [0x0000000795580000,0x0000000795d80000,0x0000000795d80000)
  from space 1536K, 44% used [0x0000000795f00000,0x0000000795fab890,0x0000000796080000)
  to   space 1536K, 0% used [0x0000000795d80000,0x0000000795d80000,0x0000000795f00000)
 ParOldGen       total 129536K, used 1510K [0x0000000740000000, 0x0000000747e80000, 0x0000000795580000)
  object space 129536K, 1% used [0x0000000740000000,0x0000000740179a48,0x0000000747e80000)
 Metaspace       used 7400K, capacity 7549K, committed 7680K, reserved 1056768K
  class space    used 703K, capacity 748K, committed 768K, reserved 1048576K
Event: 9.224 GC heap after
Heap after GC invocations=9 (full 0):
 PSYoungGen      total 9728K, used 238K [0x0000000795580000, 0x0000000796580000, 0x00000007c0000000)
  eden space 8192K, 0% used [0x0000000795580000,0x0000000795580000,0x0000000795d80000)
  from space 1536K, 15% used [0x0000000795d80000,0x0000000795dbb890,0x0000000795f00000)
  to   space 1536K, 0% used [0x0000000796400000,0x0000000796400000,0x0000000796580000)
 ParOldGen       total 129536K, used 1972K [0x0000000740000000, 0x0000000747e80000, 0x0000000795580000)
  object space 129536K, 1% used [0x0000000740000000,0x00000007401ed240,0x0000000747e80000)
 Metaspace       used 7400K, capacity 7549K, committed 7680K, reserved 1056768K
  class space    used 703K, capacity 748K, committed 768K, reserved 1048576K
}
Event: 13.853 GC heap before
{Heap before GC invocations=10 (full 0):
 PSYoungGen      total 9728K, used 8430K [0x0000000795580000, 0x0000000796580000, 0x00000007c0000000)
  eden space 8192K, 100% used [0x0000000795580000,0x0000000795d80000,0x0000000795d80000)
  from space 1536K, 15% used [0x0000000795d80000,0x0000000795dbb890,0x0000000795f00000)
  to   space 1536K, 0% used [0x0000000796400000,0x0000000796400000,0x0000000796580000)
 ParOldGen       total 129536K, used 1972K [0x0000000740000000, 0x0000000747e80000, 0x0000000795580000)
  object space 129536K, 1% used [0x0000000740000000,0x00000007401ed240,0x0000000747e80000)
 Metaspace       used 7480K, capacity 7613K, committed 7680K, reserved 1056768K
  class space    used 705K, capacity 748K, committed 768K, reserved 1048576K
Event: 13.855 GC heap after
Heap after GC invocations=10 (full 0):
 PSYoungGen      total 8704K, used 160K [0x0000000795580000, 0x0000000796480000, 0x00000007c0000000)
  eden space 8192K, 0% used [0x0000000795580000,0x0000000795580000,0x0000000795d80000)
  from space 512K, 31% used [0x0000000796400000,0x0000000796428000,0x0000000796480000)
  to   space 1536K, 0% used [0x0000000796180000,0x0000000796180000,0x0000000796300000)
 ParOldGen       total 129536K, used 2154K [0x0000000740000000, 0x0000000747e80000, 0x0000000795580000)
  object space 129536K, 1% used [0x0000000740000000,0x000000074021aad0,0x0000000747e80000)
 Metaspace       used 7480K, capacity 7613K, committed 7680K, reserved 1056768K
  class space    used 705K, capacity 748K, committed 768K, reserved 1048576K
}
Event: 18.522 GC heap before
{Heap before GC invocations=11 (full 0):
 PSYoungGen      total 8704K, used 8352K [0x0000000795580000, 0x0000000796480000, 0x00000007c0000000)
  eden space 8192K, 100% used [0x0000000795580000,0x0000000795d80000,0x0000000795d80000)
  from space 512K, 31% used [0x0000000796400000,0x0000000796428000,0x0000000796480000)
  to   space 1536K, 0% used [0x0000000796180000,0x0000000796180000,0x0000000796300000)
 ParOldGen       total 129536K, used 2154K [0x0000000740000000, 0x0000000747e80000, 0x0000000795580000)
  object space 129536K, 1% used [0x0000000740000000,0x000000074021aad0,0x0000000747e80000)
 Metaspace       used 7485K, capacity 7613K, committed 7680K, reserved 1056768K
  class space    used 705K, capacity 748K, committed 768K, reserved 1048576K
Event: 18.524 GC heap after
Heap after GC invocations=11 (full 0):
 PSYoungGen      total 9728K, used 96K [0x0000000795580000, 0x0000000796480000, 0x00000007c0000000)
  eden space 8192K, 0% used [0x0000000795580000,0x0000000795580000,0x0000000795d80000)
  from space 1536K, 6% used [0x0000000796180000,0x0000000796198000,0x0000000796300000)
  to   space 1536K, 0% used [0x0000000796300000,0x0000000796300000,0x0000000796480000)
 ParOldGen       total 129536K, used 2178K [0x0000000740000000, 0x0000000747e80000, 0x0000000795580000)
  object space 129536K, 1% used [0x0000000740000000,0x0000000740220ad0,0x0000000747e80000)
 Metaspace       used 7485K, capacity 7613K, committed 7680K, reserved 1056768K
  class space    used 705K, capacity 748K, committed 768K, reserved 1048576K
}

Deoptimization events (0 events):
No events

Internal exceptions (10 events):
Event: 0.805 Thread 0x00007fee71801000 Exception <a 'java/security/PrivilegedActionException'> (0x00000007956f3950) thrown at [/HUDSON3/workspace/8-2-build-macosx-x86_64/jdk8u11/648/hotspot/src/share/vm/prims/jvm.cpp, line 1248]
Event: 0.805 Thread 0x00007fee71801000 Exception <a 'java/security/PrivilegedActionException'> (0x00000007956f77f0) thrown at [/HUDSON3/workspace/8-2-build-macosx-x86_64/jdk8u11/648/hotspot/src/share/vm/prims/jvm.cpp, line 1248]
Event: 0.806 Thread 0x00007fee71801000 Exception <a 'java/security/PrivilegedActionException'> (0x00000007956fd868) thrown at [/HUDSON3/workspace/8-2-build-macosx-x86_64/jdk8u11/648/hotspot/src/share/vm/prims/jvm.cpp, line 1248]
Event: 0.806 Thread 0x00007fee71801000 Exception <a 'java/security/PrivilegedActionException'> (0x0000000795700af8) thrown at [/HUDSON3/workspace/8-2-build-macosx-x86_64/jdk8u11/648/hotspot/src/share/vm/prims/jvm.cpp, line 1248]
Event: 0.806 Thread 0x00007fee71801000 Exception <a 'java/security/PrivilegedActionException'> (0x00000007957035e8) thrown at [/HUDSON3/workspace/8-2-build-macosx-x86_64/jdk8u11/648/hotspot/src/share/vm/prims/jvm.cpp, line 1248]
Event: 0.811 Thread 0x00007fee71801000 Exception <a 'java/security/PrivilegedActionException'> (0x000000079571cbb8) thrown at [/HUDSON3/workspace/8-2-build-macosx-x86_64/jdk8u11/648/hotspot/src/share/vm/prims/jvm.cpp, line 1248]
Event: 13.351 Thread 0x00007fee71801000 Exception <a 'java/security/PrivilegedActionException'> (0x0000000795c92fc0) thrown at [/HUDSON3/workspace/8-2-build-macosx-x86_64/jdk8u11/648/hotspot/src/share/vm/prims/jvm.cpp, line 1248]
Event: 13.352 Thread 0x00007fee71801000 Exception <a 'java/security/PrivilegedActionException'> (0x0000000795c99618) thrown at [/HUDSON3/workspace/8-2-build-macosx-x86_64/jdk8u11/648/hotspot/src/share/vm/prims/jvm.cpp, line 1248]
Event: 13.353 Thread 0x00007fee71801000 Exception <a 'java/security/PrivilegedActionException'> (0x0000000795c9d678) thrown at [/HUDSON3/workspace/8-2-build-macosx-x86_64/jdk8u11/648/hotspot/src/share/vm/prims/jvm.cpp, line 1248]
Event: 19.306 Thread 0x00007fee71801000 Exception <a 'java/security/PrivilegedActionException'> (0x00000007956d7420) thrown at [/HUDSON3/workspace/8-2-build-macosx-x86_64/jdk8u11/648/hotspot/src/share/vm/prims/jvm.cpp, line 1248]

Events (10 events):
Event: 13.853 Executing VM operation: ParallelGCFailedAllocation
Event: 13.855 Executing VM operation: ParallelGCFailedAllocation done
Event: 16.884 Executing VM operation: RevokeBias
Event: 16.884 Executing VM operation: RevokeBias done
Event: 16.884 Thread 0x00007fee711a2800 Thread exited: 0x00007fee711a2800
Event: 18.323 Thread 0x00007fee7188d800 Thread added: 0x00007fee7188d800
Event: 18.522 Executing VM operation: ParallelGCFailedAllocation
Event: 18.524 Executing VM operation: ParallelGCFailedAllocation done
Event: 19.306 loading class org/lwjgl/opengl/CallbackUtil
Event: 19.306 loading class org/lwjgl/opengl/CallbackUtil done


Dynamic libraries:
0x000000000a88e000 	/System/Library/Frameworks/Cocoa.framework/Versions/A/Cocoa
0x000000000a88e000 	/System/Library/Frameworks/Security.framework/Versions/A/Security
0x000000000a88e000 	/System/Library/Frameworks/ApplicationServices.framework/Versions/A/ApplicationServices
0x000000000a88e000 	/usr/lib/libz.1.dylib
0x000000000a88e000 	/usr/lib/libSystem.B.dylib
0x000000000a88e000 	/usr/lib/libobjc.A.dylib
0x000000000a88e000 	/System/Library/Frameworks/CoreFoundation.framework/Versions/A/CoreFoundation
0x000000000a88e000 	/System/Library/Frameworks/Foundation.framework/Versions/C/Foundation
0x000000000a88e000 	/System/Library/Frameworks/AppKit.framework/Versions/C/AppKit
0x000000000a88e000 	/System/Library/Frameworks/CoreData.framework/Versions/A/CoreData
0x000000000a88e000 	/System/Library/PrivateFrameworks/RemoteViewServices.framework/Versions/A/RemoteViewServices
0x000000000a88e000 	/System/Library/Frameworks/AudioToolbox.framework/Versions/A/AudioToolbox
0x000000000a88e000 	/System/Library/Frameworks/AudioUnit.framework/Versions/A/AudioUnit
0x000000000a88e000 	/System/Library/PrivateFrameworks/DataDetectorsCore.framework/Versions/A/DataDetectorsCore
0x000000000a88e000 	/System/Library/PrivateFrameworks/DesktopServicesPriv.framework/Versions/A/DesktopServicesPriv
0x000000000a88e000 	/System/Library/Frameworks/Carbon.framework/Versions/A/Frameworks/HIToolbox.framework/Versions/A/HIToolbox
0x000000000a88e000 	/System/Library/Frameworks/QuartzCore.framework/Versions/A/QuartzCore
0x000000000a88e000 	/System/Library/Frameworks/Carbon.framework/Versions/A/Frameworks/SpeechRecognition.framework/Versions/A/SpeechRecognition
0x000000000a88e000 	/usr/lib/libauto.dylib
0x000000000a88e000 	/usr/lib/libicucore.A.dylib
0x000000000a88e000 	/usr/lib/libxml2.2.dylib
0x000000000a88e000 	/System/Library/PrivateFrameworks/CoreUI.framework/Versions/A/CoreUI
0x000000000a88e000 	/System/Library/Frameworks/CoreAudio.framework/Versions/A/CoreAudio
0x000000000a88e000 	/System/Library/Frameworks/DiskArbitration.framework/Versions/A/DiskArbitration
0x000000000a88e000 	/usr/lib/liblangid.dylib
0x000000000a88e000 	/System/Library/PrivateFrameworks/MultitouchSupport.framework/Versions/A/MultitouchSupport
0x000000000a88e000 	/System/Library/Frameworks/IOKit.framework/Versions/A/IOKit
0x000000000a88e000 	/usr/lib/libDiagnosticMessagesClient.dylib
0x000000000a88e000 	/System/Library/Frameworks/CoreServices.framework/Versions/A/CoreServices
0x000000000a88e000 	/System/Library/PrivateFrameworks/PerformanceAnalysis.framework/Versions/A/PerformanceAnalysis
0x000000000a88e000 	/System/Library/PrivateFrameworks/GenerationalStorage.framework/Versions/A/GenerationalStorage
0x000000000a88e000 	/System/Library/Frameworks/OpenGL.framework/Versions/A/OpenGL
0x000000000a88e000 	/System/Library/PrivateFrameworks/Sharing.framework/Versions/A/Sharing
0x000000000a88e000 	/System/Library/Frameworks/ImageIO.framework/Versions/A/ImageIO
0x000000000a88e000 	/System/Library/Frameworks/CoreText.framework/Versions/A/CoreText
0x000000000a88e000 	/System/Library/Frameworks/CoreGraphics.framework/Versions/A/CoreGraphics
0x000000000a88e000 	/System/Library/PrivateFrameworks/Backup.framework/Versions/A/Backup
0x000000000a88e000 	/System/Library/Frameworks/CFNetwork.framework/Versions/A/CFNetwork
0x000000000a88e000 	/System/Library/Frameworks/SystemConfiguration.framework/Versions/A/SystemConfiguration
0x000000000a88e000 	/usr/lib/libCRFSuite.dylib
0x000000000a88e000 	/usr/lib/libc++.1.dylib
0x000000000a88e000 	/usr/lib/libc++abi.dylib
0x000000000a88e000 	/usr/lib/system/libcache.dylib
0x000000000a88e000 	/usr/lib/system/libcommonCrypto.dylib
0x000000000a88e000 	/usr/lib/system/libcompiler_rt.dylib
0x000000000a88e000 	/usr/lib/system/libcopyfile.dylib
0x000000000a88e000 	/usr/lib/system/libcorecrypto.dylib
0x000000000a88e000 	/usr/lib/system/libdispatch.dylib
0x000000000a88e000 	/usr/lib/system/libdyld.dylib
0x000000000a88e000 	/usr/lib/system/libkeymgr.dylib
0x000000000a88e000 	/usr/lib/system/liblaunch.dylib
0x000000000a88e000 	/usr/lib/system/libmacho.dylib
0x000000000a88e000 	/usr/lib/system/libquarantine.dylib
0x000000000a88e000 	/usr/lib/system/libremovefile.dylib
0x000000000a88e000 	/usr/lib/system/libsystem_asl.dylib
0x000000000a88e000 	/usr/lib/system/libsystem_blocks.dylib
0x000000000a88e000 	/usr/lib/system/libsystem_c.dylib
0x000000000a88e000 	/usr/lib/system/libsystem_configuration.dylib
0x000000000a88e000 	/usr/lib/system/libsystem_dnssd.dylib
0x000000000a88e000 	/usr/lib/system/libsystem_info.dylib
0x000000000a88e000 	/usr/lib/system/libsystem_kernel.dylib
0x000000000a88e000 	/usr/lib/system/libsystem_m.dylib
0x000000000a88e000 	/usr/lib/system/libsystem_malloc.dylib
0x000000000a88e000 	/usr/lib/system/libsystem_network.dylib
0x000000000a88e000 	/usr/lib/system/libsystem_notify.dylib
0x000000000a88e000 	/usr/lib/system/libsystem_platform.dylib
0x000000000a88e000 	/usr/lib/system/libsystem_pthread.dylib
0x000000000a88e000 	/usr/lib/system/libsystem_sandbox.dylib
0x000000000a88e000 	/usr/lib/system/libsystem_stats.dylib
0x000000000a88e000 	/usr/lib/system/libunc.dylib
0x000000000a88e000 	/usr/lib/system/libunwind.dylib
0x000000000a88e000 	/usr/lib/system/libxpc.dylib
0x000000000a88e000 	/usr/lib/libbsm.0.dylib
0x000000000a88e000 	/usr/lib/libsqlite3.dylib
0x000000000a88e000 	/usr/lib/libxar.1.dylib
0x000000000a88e000 	/usr/lib/libpam.2.dylib
0x000000000a88e000 	/usr/lib/libOpenScriptingUtil.dylib
0x000000000a88e000 	/usr/lib/libbz2.1.0.dylib
0x000000000a88e000 	/System/Library/Frameworks/CoreServices.framework/Versions/A/Frameworks/CarbonCore.framework/Versions/A/CarbonCore
0x000000000a88e000 	/System/Library/Frameworks/CoreServices.framework/Versions/A/Frameworks/Metadata.framework/Versions/A/Metadata
0x000000000a88e000 	/System/Library/Frameworks/CoreServices.framework/Versions/A/Frameworks/OSServices.framework/Versions/A/OSServices
0x000000000a88e000 	/System/Library/Frameworks/CoreServices.framework/Versions/A/Frameworks/SearchKit.framework/Versions/A/SearchKit
0x000000000a88e000 	/System/Library/Frameworks/CoreServices.framework/Versions/A/Frameworks/AE.framework/Versions/A/AE
0x000000000a88e000 	/System/Library/Frameworks/CoreServices.framework/Versions/A/Frameworks/LaunchServices.framework/Versions/A/LaunchServices
0x000000000a88e000 	/System/Library/Frameworks/CoreServices.framework/Versions/A/Frameworks/DictionaryServices.framework/Versions/A/DictionaryServices
0x000000000a88e000 	/System/Library/Frameworks/NetFS.framework/Versions/A/NetFS
0x000000000a88e000 	/usr/lib/system/libkxld.dylib
0x000000000a88e000 	/System/Library/PrivateFrameworks/NetAuth.framework/Versions/A/NetAuth
0x000000000a88e000 	/System/Library/PrivateFrameworks/TCC.framework/Versions/A/TCC
0x000000000a88e000 	/System/Library/Frameworks/OpenDirectory.framework/Versions/A/Frameworks/CFOpenDirectory.framework/Versions/A/CFOpenDirectory
0x000000000a88e000 	/System/Library/Frameworks/ServiceManagement.framework/Versions/A/ServiceManagement
0x000000000a88e000 	/usr/lib/libxslt.1.dylib
0x000000000a88e000 	/System/Library/Frameworks/Carbon.framework/Versions/A/Frameworks/Ink.framework/Versions/A/Ink
0x000000000a88e000 	/System/Library/Frameworks/ApplicationServices.framework/Versions/A/Frameworks/ATS.framework/Versions/A/ATS
0x000000000a88e000 	/System/Library/Frameworks/ApplicationServices.framework/Versions/A/Frameworks/ColorSync.framework/Versions/A/ColorSync
0x000000000a88e000 	/System/Library/Frameworks/ApplicationServices.framework/Versions/A/Frameworks/HIServices.framework/Versions/A/HIServices
0x000000000a88e000 	/System/Library/Frameworks/ApplicationServices.framework/Versions/A/Frameworks/LangAnalysis.framework/Versions/A/LangAnalysis
0x000000000a88e000 	/System/Library/Frameworks/ApplicationServices.framework/Versions/A/Frameworks/PrintCore.framework/Versions/A/PrintCore
0x000000000a88e000 	/System/Library/Frameworks/ApplicationServices.framework/Versions/A/Frameworks/QD.framework/Versions/A/QD
0x000000000a88e000 	/System/Library/Frameworks/ApplicationServices.framework/Versions/A/Frameworks/SpeechSynthesis.framework/Versions/A/SpeechSynthesis
0x000000000a88e000 	/System/Library/Frameworks/IOSurface.framework/Versions/A/IOSurface
0x000000000a88e000 	/System/Library/Frameworks/Accelerate.framework/Versions/A/Accelerate
0x000000000a88e000 	/System/Library/Frameworks/Accelerate.framework/Versions/A/Frameworks/vImage.framework/Versions/A/vImage
0x000000000a88e000 	/System/Library/Frameworks/Accelerate.framework/Versions/A/Frameworks/vecLib.framework/Versions/A/vecLib
0x000000000a88e000 	/System/Library/Frameworks/Accelerate.framework/Versions/A/Frameworks/vecLib.framework/Versions/A/libvDSP.dylib
0x000000000a88e000 	/System/Library/Frameworks/Accelerate.framework/Versions/A/Frameworks/vecLib.framework/Versions/A/libvMisc.dylib
0x000000000a88e000 	/System/Library/Frameworks/Accelerate.framework/Versions/A/Frameworks/vecLib.framework/Versions/A/libLAPACK.dylib
0x000000000a88e000 	/System/Library/Frameworks/Accelerate.framework/Versions/A/Frameworks/vecLib.framework/Versions/A/libBLAS.dylib
0x000000000a88e000 	/System/Library/Frameworks/ApplicationServices.framework/Versions/A/Frameworks/ATS.framework/Versions/A/Resources/libFontParser.dylib
0x000000000a88e000 	/System/Library/Frameworks/ApplicationServices.framework/Versions/A/Frameworks/ATS.framework/Versions/A/Resources/libFontRegistry.dylib
0x000000000a88e000 	/System/Library/Frameworks/ImageIO.framework/Versions/A/Resources/libJPEG.dylib
0x000000000a88e000 	/System/Library/Frameworks/ImageIO.framework/Versions/A/Resources/libTIFF.dylib
0x000000000a88e000 	/System/Library/Frameworks/ImageIO.framework/Versions/A/Resources/libPng.dylib
0x000000000a88e000 	/System/Library/Frameworks/ImageIO.framework/Versions/A/Resources/libGIF.dylib
0x000000000a88e000 	/System/Library/Frameworks/ImageIO.framework/Versions/A/Resources/libJP2.dylib
0x000000000a88e000 	/System/Library/Frameworks/ImageIO.framework/Versions/A/Resources/libRadiance.dylib
0x000000000a88e000 	/usr/lib/libcups.2.dylib
0x000000000a88e000 	/System/Library/Frameworks/Kerberos.framework/Versions/A/Kerberos
0x000000000a88e000 	/System/Library/Frameworks/GSS.framework/Versions/A/GSS
0x000000000a88e000 	/usr/lib/libresolv.9.dylib
0x000000000a88e000 	/usr/lib/libiconv.2.dylib
0x000000000a88e000 	/System/Library/PrivateFrameworks/Heimdal.framework/Versions/A/Heimdal
0x000000000a88e000 	/System/Library/PrivateFrameworks/TrustEvaluationAgent.framework/Versions/A/TrustEvaluationAgent
0x000000000a88e000 	/usr/lib/libheimdal-asn1.dylib
0x000000000a88e000 	/System/Library/Frameworks/OpenDirectory.framework/Versions/A/OpenDirectory
0x000000000a88e000 	/System/Library/PrivateFrameworks/CommonAuth.framework/Versions/A/CommonAuth
0x000000000a88e000 	/System/Library/Frameworks/SecurityFoundation.framework/Versions/A/SecurityFoundation
0x000000000a88e000 	/System/Library/PrivateFrameworks/Bom.framework/Versions/A/Bom
0x000000000a88e000 	/System/Library/Frameworks/CoreVideo.framework/Versions/A/CoreVideo
0x000000000a88e000 	/System/Library/Frameworks/QuartzCore.framework/Versions/A/Frameworks/CoreImage.framework/Versions/A/CoreImage
0x000000000a88e000 	/System/Library/Frameworks/QuartzCore.framework/Versions/A/Frameworks/ScalableUserInterface.framework/Versions/A/ScalableUserInterface
0x000000000a88e000 	/System/Library/Frameworks/OpenGL.framework/Versions/A/Libraries/libGLU.dylib
0x000000000a88e000 	/System/Library/Frameworks/OpenGL.framework/Versions/A/Libraries/libGFXShared.dylib
0x000000000a88e000 	/System/Library/Frameworks/OpenGL.framework/Versions/A/Libraries/libGL.dylib
0x000000000a88e000 	/System/Library/Frameworks/OpenGL.framework/Versions/A/Libraries/libGLImage.dylib
0x000000000a88e000 	/System/Library/Frameworks/OpenGL.framework/Versions/A/Libraries/libCVMSPluginSupport.dylib
0x000000000a88e000 	/System/Library/Frameworks/OpenGL.framework/Versions/A/Libraries/libCoreVMClient.dylib
0x000000000a88e000 	/System/Library/PrivateFrameworks/FaceCore.framework/Versions/A/FaceCore
0x000000000a88e000 	/System/Library/PrivateFrameworks/CrashReporterSupport.framework/Versions/A/CrashReporterSupport
0x000000000a88e000 	/System/Library/Frameworks/OpenCL.framework/Versions/A/OpenCL
0x000000000a88e000 	/System/Library/PrivateFrameworks/AppleFSCompression.framework/Versions/A/AppleFSCompression
0x000000000a88e000 	/System/Library/PrivateFrameworks/Ubiquity.framework/Versions/A/Ubiquity
0x000000000a88e000 	/System/Library/PrivateFrameworks/IconServices.framework/Versions/A/IconServices
0x000000000a88e000 	/System/Library/PrivateFrameworks/ChunkingLibrary.framework/Versions/A/ChunkingLibrary
0x000000000a88e000 	/System/Library/PrivateFrameworks/CoreSymbolication.framework/Versions/A/CoreSymbolication
0x000000000a88e000 	/System/Library/PrivateFrameworks/Symbolication.framework/Versions/A/Symbolication
0x000000000a88e000 	/System/Library/PrivateFrameworks/DebugSymbols.framework/Versions/A/DebugSymbols
0x0000000103000000 	/Library/Java/JavaVirtualMachines/jdk1.8.0_11.jdk/Contents/Home/jre/lib/server/libjvm.dylib
0x000000000a88e000 	/usr/lib/libstdc++.6.dylib
0x0000000103fc4000 	/Library/Java/JavaVirtualMachines/jdk1.8.0_11.jdk/Contents/Home/jre/lib/libverify.dylib
0x0000000103fd2000 	/Library/Java/JavaVirtualMachines/jdk1.8.0_11.jdk/Contents/Home/jre/lib/libjava.dylib
0x0000000104006000 	/Library/Java/JavaVirtualMachines/jdk1.8.0_11.jdk/Contents/Home/jre/lib/libzip.dylib
0x000000011a05b000 	/System/Library/Frameworks/JavaVM.framework/Frameworks/JavaRuntimeSupport.framework/JavaRuntimeSupport
0x000000011a073000 	/System/Library/Frameworks/JavaVM.framework/Versions/A/Frameworks/JavaNativeFoundation.framework/Versions/A/JavaNativeFoundation
0x000000011a087000 	/System/Library/Frameworks/JavaVM.framework/Versions/A/JavaVM
0x000000000a88e000 	/System/Library/Frameworks/Carbon.framework/Versions/A/Carbon
0x000000011a093000 	/System/Library/PrivateFrameworks/JavaLaunching.framework/Versions/A/JavaLaunching
0x000000000a88e000 	/System/Library/Frameworks/Carbon.framework/Versions/A/Frameworks/CommonPanels.framework/Versions/A/CommonPanels
0x000000000a88e000 	/System/Library/Frameworks/Carbon.framework/Versions/A/Frameworks/Help.framework/Versions/A/Help
0x000000000a88e000 	/System/Library/Frameworks/Carbon.framework/Versions/A/Frameworks/ImageCapture.framework/Versions/A/ImageCapture
0x000000000a88e000 	/System/Library/Frameworks/Carbon.framework/Versions/A/Frameworks/OpenScripting.framework/Versions/A/OpenScripting
0x000000000a88e000 	/System/Library/Frameworks/Carbon.framework/Versions/A/Frameworks/Print.framework/Versions/A/Print
0x000000000a88e000 	/System/Library/Frameworks/Carbon.framework/Versions/A/Frameworks/SecurityHI.framework/Versions/A/SecurityHI
0x000000011a7d2000 	/Users/kinam/Desktop/Quorum Projects/Ko Instruction 2015-2016/SpaceShooter - Mod3/Run/jni/libGameEngineCPlugins.so
0x000000011a822000 	/Users/kinam/Desktop/Quorum Projects/Ko Instruction 2015-2016/SpaceShooter - Mod3/Run/jni/libfreetype.dylib
0x000000011a8df000 	/Library/Java/JavaVirtualMachines/jdk1.8.0_11.jdk/Contents/Home/jre/lib/libawt.dylib
0x000000011a98e000 	/Library/Java/JavaVirtualMachines/jdk1.8.0_11.jdk/Contents/Home/jre/lib/./libmlib_image.dylib
0x000000011aa5a000 	/Library/Java/JavaVirtualMachines/jdk1.8.0_11.jdk/Contents/Home/jre/lib/libawt_lwawt.dylib
0x000000011ab0c000 	/Library/Java/JavaVirtualMachines/jdk1.8.0_11.jdk/Contents/Home/jre/lib/./libosxapp.dylib
0x000000000a88e000 	/System/Library/Frameworks/ExceptionHandling.framework/Versions/A/ExceptionHandling
0x000000000a88e000 	/System/Library/PrivateFrameworks/CoreServicesInternal.framework/Versions/A/CoreServicesInternal
0x000000000a88e000 	/System/Library/PrivateFrameworks/Librarian.framework/Versions/A/Librarian
0x000000011c370000 	/System/Library/Frameworks/CoreGraphics.framework/Versions/A/Resources/libCGCMS.A.dylib
0x000000011d075000 	/System/Library/Frameworks/CoreGraphics.framework/Versions/A/Resources/libRIP.A.dylib
0x000000011c49a000 	/System/Library/Frameworks/CoreGraphics.framework/Versions/A/Resources/libCGXType.A.dylib
0x000000000a88e000 	/System/Library/PrivateFrameworks/FamilyControls.framework/Versions/A/FamilyControls
0x000000000a88e000 	/System/Library/PrivateFrameworks/CommerceKit.framework/Versions/A/Frameworks/CommerceCore.framework/Versions/A/CommerceCore
0x000000000a88e000 	/System/Library/PrivateFrameworks/SystemAdministration.framework/Versions/A/SystemAdministration
0x000000000a88e000 	/System/Library/Frameworks/DirectoryService.framework/Versions/A/DirectoryService
0x000000000a88e000 	/System/Library/PrivateFrameworks/DiskImages.framework/Versions/A/DiskImages
0x000000000a88e000 	/System/Library/PrivateFrameworks/LoginUIKit.framework/Versions/A/Frameworks/LoginUICore.framework/Versions/A/LoginUICore
0x000000000a88e000 	/usr/lib/libCoreStorage.dylib
0x000000000a88e000 	/usr/lib/libcsfde.dylib
0x000000000a88e000 	/usr/lib/libodfde.dylib
0x000000000a88e000 	/System/Library/Frameworks/DiscRecording.framework/Versions/A/DiscRecording
0x000000000a88e000 	/usr/lib/libcurl.4.dylib
0x000000000a88e000 	/System/Library/PrivateFrameworks/MediaKit.framework/Versions/A/MediaKit
0x000000000a88e000 	/System/Library/PrivateFrameworks/EFILogin.framework/Versions/A/EFILogin
0x000000000a88e000 	/usr/lib/libutil.dylib
0x000000000a88e000 	/System/Library/PrivateFrameworks/AOSNotification.framework/Versions/A/AOSNotification
0x000000000a88e000 	/System/Library/Frameworks/LDAP.framework/Versions/A/LDAP
0x000000000a88e000 	/usr/lib/libsasl2.2.dylib
0x000000000a88e000 	/usr/lib/libcrypto.0.9.8.dylib
0x000000000a88e000 	/usr/lib/libssl.0.9.8.dylib
0x000000011ebe9000 	/Library/Java/JavaVirtualMachines/jdk1.8.0_11.jdk/Contents/Home/jre/lib/libfontmanager.dylib
0x000000011ec4f000 	/Users/kinam/Desktop/Quorum Projects/Ko Instruction 2015-2016/SpaceShooter - Mod3/Run/jni/liblwjgl.dylib
0x000000011d285000 	/Library/Java/JavaVirtualMachines/jdk1.8.0_11.jdk/Contents/Home/jre/lib/libjawt.dylib
0x000000011ecd1000 	/System/Library/Frameworks/OpenGL.framework/Resources/GLEngine.bundle/GLEngine
0x000000000a88e000 	/System/Library/Frameworks/OpenGL.framework/Versions/A/Libraries/libGLProgrammability.dylib
0x000000011eead000 	/System/Library/Extensions/AppleIntelHD5000GraphicsGLDriver.bundle/Contents/MacOS/AppleIntelHD5000GraphicsGLDriver
0x000000000a88e000 	/System/Library/PrivateFrameworks/IOAccelerator.framework/Versions/A/IOAccelerator
0x000000000a88e000 	/System/Library/PrivateFrameworks/GPUSupport.framework/Versions/A/Libraries/libGPUSupportMercury.dylib
0x000000011f880000 	/System/Library/Frameworks/OpenGL.framework/Resources//GLRendererFloat.bundle/GLRendererFloat
0x000000000a88e000 	/System/Library/Frameworks/OpenCL.framework/Versions/A/Libraries/libcldcpuengine.dylib

VM Arguments:
jvm_args: -Dsodbeans=1 
java_command: Run/Default.jar
java_class_path (initial): Run/Default.jar
Launcher Type: SUN_STANDARD

Environment Variables:
PATH=/usr/bin:/bin:/usr/sbin:/sbin
LD_LIBRARY_PATH=/Library/Java/JavaVirtualMachines/jdk1.8.0_11.jdk/Contents/Home/jre/lib/amd64:/Library/Java/JavaVirtualMachines/jdk1.8.0_11.jdk/Contents/Home/jre/lib/i386:
SHELL=/bin/bash
DYLD_LIBRARY_PATH=/Applications/NetBeans/NetBeans 8.0.2.app/Contents/Resources/NetBeans/webcommon/bin:

Signal Handlers:
SIGSEGV: [libjvm.dylib+0x56059b], sa_mask[0]=0xfffefeff, sa_flags=0x00000043
SIGBUS: [libjvm.dylib+0x56059b], sa_mask[0]=0xfffefeff, sa_flags=0x00000042
SIGFPE: [libjvm.dylib+0x4438f2], sa_mask[0]=0xfffefeff, sa_flags=0x00000042
SIGPIPE: [libjvm.dylib+0x4438f2], sa_mask[0]=0xfffefeff, sa_flags=0x00000042
SIGXFSZ: [libjvm.dylib+0x4438f2], sa_mask[0]=0xfffefeff, sa_flags=0x00000042
SIGILL: [libjvm.dylib+0x4438f2], sa_mask[0]=0xfffefeff, sa_flags=0x00000042
SIGUSR1: SIG_DFL, sa_mask[0]=0x00000000, sa_flags=0x00000002
SIGUSR2: [libjvm.dylib+0x443410], sa_mask[0]=0x00000004, sa_flags=0x00000042
SIGHUP: [libjvm.dylib+0x44179b], sa_mask[0]=0xfffefeff, sa_flags=0x00000042
SIGINT: SIG_IGN, sa_mask[0]=0x00000000, sa_flags=0x00000000
SIGTERM: [libjvm.dylib+0x44179b], sa_mask[0]=0xfffefeff, sa_flags=0x00000042
SIGQUIT: [libjvm.dylib+0x44179b], sa_mask[0]=0xfffefeff, sa_flags=0x00000042


---------------  S Y S T E M  ---------------

OS:Bsduname:Darwin 13.4.0 Darwin Kernel Version 13.4.0: Wed Mar 18 16:20:14 PDT 2015; root:xnu-2422.115.14~1/RELEASE_X86_64 x86_64
rlimit: STACK 8192k, CORE 0k, NPROC 709, NOFILE 10240, AS infinity
load average:1.61 1.39 1.36

CPU:total 4 (2 cores per cpu, 2 threads per core) family 6 model 69 stepping 1, cmov, cx8, fxsr, mmx, sse, sse2, sse3, ssse3, sse4.1, sse4.2, popcnt, avx, avx2, aes, clmul, erms, ht, tsc, tscinvbit

Memory: 4k page, physical 8388608k(4132112k free)

/proc/meminfo:


vm_info: Java HotSpot(TM) 64-Bit Server VM (25.11-b03) for bsd-amd64 JRE (1.8.0_11-b12), built on Jun 16 2014 17:39:42 by "java_re" with gcc 4.2.1 (Based on Apple Inc. build 5658) (LLVM build 2336.11.00)

time: Thu Mar 17 11:50:38 2016
elapsed time: 19 seconds

